<?xml version="1.0" encoding="UTF-8"?>
<testng-results skipped="0" failed="0" ignored="0" total="1" passed="1">
  <reporter-output>
  </reporter-output>
  <suite name="Default suite" duration-ms="22365" started-at="2020-01-21T13:30:19Z" finished-at="2020-01-21T13:30:42Z">
    <groups>
    </groups>
    <test name="Default test" duration-ms="22365" started-at="2020-01-21T13:30:19Z" finished-at="2020-01-21T13:30:42Z">
      <class name="day1.Flipkart">
        <test-method status="PASS" signature="f()[pri:0, instance:day1.Flipkart@61832929]" name="f" duration-ms="22327" started-at="2020-01-21T13:30:19Z" finished-at="2020-01-21T13:30:42Z">
          <reporter-output>
          </reporter-output>
        </test-method> <!-- f -->
      </class> <!-- day1.Flipkart -->
    </test> <!-- Default test -->
  </suite> <!-- Default suite -->
</testng-results>
