<?xml version="1.0" encoding="UTF-8"?>
<testng-results skipped="0" failed="0" total="1" passed="1">
  <reporter-output>
  </reporter-output>
  <suite name="Default suite" duration-ms="44421" started-at="2020-02-05T12:09:32Z" finished-at="2020-02-05T12:10:16Z">
    <groups>
      <group name="cucumber">
        <method signature="AbstractTestNGCucumberTests.feature(cucumber.api.testng.CucumberFeatureWrapper)[pri:0, instance:runner.runner@6eebc39e]" name="feature" class="cucumber.api.testng.AbstractTestNGCucumberTests"/>
      </group> <!-- cucumber -->
    </groups>
    <test name="Default test" duration-ms="44421" started-at="2020-02-05T12:09:32Z" finished-at="2020-02-05T12:10:16Z">
      <class name="runner.runner">
        <test-method status="PASS" signature="setUpClass()[pri:0, instance:runner.runner@6eebc39e]" name="setUpClass" is-config="true" duration-ms="378" started-at="2020-02-05T17:39:32Z" finished-at="2020-02-05T17:39:32Z">
          <reporter-output>
          </reporter-output>
        </test-method> <!-- setUpClass -->
        <test-method status="PASS" signature="feature(cucumber.api.testng.CucumberFeatureWrapper)[pri:0, instance:runner.runner@6eebc39e]" name="feature" duration-ms="43872" started-at="2020-02-05T17:39:32Z" description="Runs Cucumber Feature" data-provider="features" finished-at="2020-02-05T17:40:16Z">
          <params>
            <param index="0">
              <value>
                <![CDATA[Login Page]]>
              </value>
            </param>
          </params>
          <reporter-output>
          </reporter-output>
        </test-method> <!-- feature -->
        <test-method status="PASS" signature="tearDownClass()[pri:0, instance:runner.runner@6eebc39e]" name="tearDownClass" is-config="true" duration-ms="14" started-at="2020-02-05T17:40:16Z" finished-at="2020-02-05T17:40:16Z">
          <reporter-output>
          </reporter-output>
        </test-method> <!-- tearDownClass -->
      </class> <!-- runner.runner -->
    </test> <!-- Default test -->
  </suite> <!-- Default suite -->
</testng-results>
